Using pre-set license
Built from '2020.3/staging' branch; Version is '2020.3.20f1 (41c4e627c95f) revision 4310246'; Using compiler version '192528614'; Build Type 'Release'
OS: 'Windows 10 Pro; OS build 19042.1348; Version 2009; 64bit' Language: 'en' Physical Memory: 3978 MB
BatchMode: 1, IsHumanControllingUs: 0, StartBugReporterOnCrash: 0, Is64bit: 1, IsPro: 0

COMMAND LINE ARGUMENTS:
D:\Program Files\Unity Hub\Hub\Editor\2020.3.20f1\Editor\Unity.exe
-adb2
-batchMode
-noUpm
-name
AssetImportWorker2
-projectPath
E:/nam4/DoHoaMayTinh/Unity/doan_dhmt
-logFile
Logs/AssetImportWorker2.log
-srvPort
58658
Successfully changed project path to: E:/nam4/DoHoaMayTinh/Unity/doan_dhmt
E:/nam4/DoHoaMayTinh/Unity/doan_dhmt
Using Asset Import Pipeline V2.
Refreshing native plugins compatible for Editor in 108.17 ms, found 2 plugins.
Preloading 0 native plugins for Editor in 0.00 ms.
Initialize engine version: 2020.3.20f1 (41c4e627c95f)
[Subsystems] Discovering subsystems at path D:/Program Files/Unity Hub/Hub/Editor/2020.3.20f1/Editor/Data/Resources/UnitySubsystems
[Subsystems] Discovering subsystems at path E:/nam4/DoHoaMayTinh/Unity/doan_dhmt/Assets
GfxDevice: creating device client; threaded=0
Direct3D:
    Version:  Direct3D 11.0 [level 11.1]
    Renderer: NVIDIA GeForce MX150 (ID=0x1d10)
    Vendor:   
    VRAM:     1983 MB
    Driver:   27.21.14.5167
Initialize mono
Mono path[0] = 'D:/Program Files/Unity Hub/Hub/Editor/2020.3.20f1/Editor/Data/Managed'
Mono path[1] = 'D:/Program Files/Unity Hub/Hub/Editor/2020.3.20f1/Editor/Data/MonoBleedingEdge/lib/mono/unityjit'
Mono config path = 'D:/Program Files/Unity Hub/Hub/Editor/2020.3.20f1/Editor/Data/MonoBleedingEdge/etc'
Using monoOptions --debugger-agent=transport=dt_socket,embedding=1,server=y,suspend=n,address=127.0.0.1:56124
Begin MonoManager ReloadAssembly
Registering precompiled unity dll's ...
Register platform support module: D:/Program Files/Unity Hub/Hub/Editor/2020.3.20f1/Editor/Data/PlaybackEngines/WindowsStandaloneSupport/UnityEditor.WindowsStandalone.Extensions.dll
Registered in 0.002400 seconds.
Native extension for WindowsStandalone target not found
Refreshing native plugins compatible for Editor in 92.61 ms, found 2 plugins.
Preloading 0 native plugins for Editor in 0.00 ms.
Mono: successfully reloaded assembly
- Completed reload, in  2.367 seconds
Domain Reload Profiling:
	ReloadAssembly (2367ms)
		BeginReloadAssembly (149ms)
			ExecutionOrderSort (0ms)
			DisableScriptedObjects (0ms)
			BackupInstance (0ms)
			ReleaseScriptingObjects (0ms)
			CreateAndSetChildDomain (2ms)
		EndReloadAssembly (1082ms)
			LoadAssemblies (147ms)
			RebuildTransferFunctionScriptingTraits (0ms)
			SetupTypeCache (419ms)
			ReleaseScriptCaches (0ms)
			RebuildScriptCaches (99ms)
			SetupLoadedEditorAssemblies (428ms)
				LogAssemblyErrors (0ms)
				InitializePlatformSupportModulesInManaged (10ms)
				SetLoadedEditorAssemblies (1ms)
				RefreshPlugins (93ms)
				BeforeProcessingInitializeOnLoad (46ms)
				ProcessInitializeOnLoadAttributes (210ms)
				ProcessInitializeOnLoadMethodAttributes (68ms)
				AfterProcessingInitializeOnLoad (0ms)
				EditorAssembliesLoaded (1ms)
			ExecutionOrderSort2 (0ms)
			AwakeInstancesAfterBackupRestoration (0ms)
Platform modules already initialized, skipping
Registering precompiled user dll's ...
Registered in 0.005625 seconds.
Begin MonoManager ReloadAssembly
Native extension for WindowsStandalone target not found
Refreshing native plugins compatible for Editor in 2.00 ms, found 2 plugins.
Preloading 0 native plugins for Editor in 0.00 ms.
Mono: successfully reloaded assembly
- Completed reload, in  4.790 seconds
Domain Reload Profiling:
	ReloadAssembly (4863ms)
		BeginReloadAssembly (706ms)
			ExecutionOrderSort (3ms)
			DisableScriptedObjects (39ms)
			BackupInstance (0ms)
			ReleaseScriptingObjects (0ms)
			CreateAndSetChildDomain (107ms)
		EndReloadAssembly (3912ms)
			LoadAssemblies (891ms)
			RebuildTransferFunctionScriptingTraits (0ms)
			SetupTypeCache (1332ms)
			ReleaseScriptCaches (1ms)
			RebuildScriptCaches (170ms)
			SetupLoadedEditorAssemblies (1150ms)
				LogAssemblyErrors (0ms)
				InitializePlatformSupportModulesInManaged (23ms)
				SetLoadedEditorAssemblies (2ms)
				RefreshPlugins (2ms)
				BeforeProcessingInitializeOnLoad (247ms)
				ProcessInitializeOnLoadAttributes (853ms)
				ProcessInitializeOnLoadMethodAttributes (12ms)
				AfterProcessingInitializeOnLoad (10ms)
				EditorAssembliesLoaded (1ms)
			ExecutionOrderSort2 (0ms)
			AwakeInstancesAfterBackupRestoration (20ms)
Platform modules already initialized, skipping
========================================================================
Worker process is ready to serve import requests
Launched and connected shader compiler UnityShaderCompiler.exe after 0.50 seconds
Refreshing native plugins compatible for Editor in 0.60 ms, found 2 plugins.
Preloading 0 native plugins for Editor in 0.00 ms.
Unloading 1486 Unused Serialized files (Serialized files now loaded: 0)
System memory in use before: 86.4 MB.
System memory in use after: 86.5 MB.

Unloading 16 unused Assets to reduce memory usage. Loaded Objects now: 1950.
Total: 98.773200 ms (FindLiveObjects: 0.426200 ms CreateObjectMapping: 0.132800 ms MarkObjects: 88.880700 ms  DeleteObjects: 9.330200 ms)

AssetImportParameters requested are different than current active one (requested -> active):
  custom:framework-win-MediaFoundation: 216162199b28c13a410421893ffa2e32 -> 
  custom:video-decoder-ogg-theora: a1e56fd34408186e4bbccfd4996cb3dc -> 
  custom:container-muxer-webm: aa71ff27fc2769a1b78a27578f13a17b -> 
  custom:container-demuxer-webm: 4f35f7cbe854078d1ac9338744f61a02 -> 
  custom:container-demuxer-ogg: 62fdf1f143b41e24485cea50d1cbac27 -> 
  custom:video-encoder-webm-vp8: eb34c28f22e8b96e1ab97ce403110664 -> 
  custom:video-decoder-webm-vp8: 9c59270c3fd7afecdb556c50c9e8de78 -> 
  custom:audio-decoder-ogg-vorbis: bf7c407c2cedff20999df2af8eb42d56 -> 
  custom:audio-encoder-webm-vorbis: bf7c407c2cedff20999df2af8eb42d56 -> 
========================================================================
Received Import Request.
  path: Assets/Scenes/New Lighting Settings.lighting
  artifactKey: Guid(7a8c8650d53eac44396f1e8acf8468d8) Importer(815301076,1909f56bfc062723c751e8b465ee728b)
Start importing Assets/Scenes/New Lighting Settings.lighting using Guid(7a8c8650d53eac44396f1e8acf8468d8) Importer(815301076,1909f56bfc062723c751e8b465ee728b)  -> (artifact id: 'acb992e98a3d4fa04d02c02f251bb11c') in 0.231492 seconds 
  Import took 0.257609 seconds .

========================================================================
Received Import Request.
  Time since last request: 63.599045 seconds.
  path: Assets/Scenes/Light.lighting
  artifactKey: Guid(7a8c8650d53eac44396f1e8acf8468d8) Importer(815301076,1909f56bfc062723c751e8b465ee728b)
Start importing Assets/Scenes/Light.lighting using Guid(7a8c8650d53eac44396f1e8acf8468d8) Importer(815301076,1909f56bfc062723c751e8b465ee728b)  -> (artifact id: '0fb85b737494b54a3d976f9a0ba4a458') in 0.069928 seconds 
  Import took 0.149675 seconds .

========================================================================
Received Import Request.
  Time since last request: 20.072854 seconds.
  path: Assets/Scenes/MainMenu.unity
  artifactKey: Guid(d8e20607441e1fc47b078d08a01b19a5) Importer(815301076,1909f56bfc062723c751e8b465ee728b)
Start importing Assets/Scenes/MainMenu.unity using Guid(d8e20607441e1fc47b078d08a01b19a5) Importer(815301076,1909f56bfc062723c751e8b465ee728b)  -> (artifact id: 'b5c9711f66b2a076647a44c91c397d7d') in 0.193503 seconds 
  Import took 0.237021 seconds .

========================================================================
Received Import Request.
  Time since last request: 11.887736 seconds.
  path: Assets/Scenes/Game.unity
  artifactKey: Guid(9fc0d4010bbf28b4594072e72b8655ab) Importer(815301076,1909f56bfc062723c751e8b465ee728b)
Start importing Assets/Scenes/Game.unity using Guid(9fc0d4010bbf28b4594072e72b8655ab) Importer(815301076,1909f56bfc062723c751e8b465ee728b)  -> (artifact id: 'b7e623f223c5a860bb0d2679031ce92d') in 0.067213 seconds 
  Import took 0.087807 seconds .

========================================================================
Received Prepare
Registering precompiled user dll's ...
Registered in 0.130715 seconds.
Begin MonoManager ReloadAssembly
Native extension for WindowsStandalone target not found
Refreshing native plugins compatible for Editor in 3.57 ms, found 2 plugins.
Preloading 0 native plugins for Editor in 0.00 ms.
Mono: successfully reloaded assembly
- Completed reload, in  4.773 seconds
Domain Reload Profiling:
	ReloadAssembly (4787ms)
		BeginReloadAssembly (1378ms)
			ExecutionOrderSort (0ms)
			DisableScriptedObjects (102ms)
			BackupInstance (0ms)
			ReleaseScriptingObjects (0ms)
			CreateAndSetChildDomain (876ms)
		EndReloadAssembly (3082ms)
			LoadAssemblies (491ms)
			RebuildTransferFunctionScriptingTraits (0ms)
			SetupTypeCache (1048ms)
			ReleaseScriptCaches (1ms)
			RebuildScriptCaches (203ms)
			SetupLoadedEditorAssemblies (1046ms)
				LogAssemblyErrors (0ms)
				InitializePlatformSupportModulesInManaged (25ms)
				SetLoadedEditorAssemblies (4ms)
				RefreshPlugins (4ms)
				BeforeProcessingInitializeOnLoad (265ms)
				ProcessInitializeOnLoadAttributes (728ms)
				ProcessInitializeOnLoadMethodAttributes (13ms)
				AfterProcessingInitializeOnLoad (6ms)
				EditorAssembliesLoaded (1ms)
			ExecutionOrderSort2 (0ms)
			AwakeInstancesAfterBackupRestoration (27ms)
Platform modules already initialized, skipping
Refreshing native plugins compatible for Editor in 1.19 ms, found 2 plugins.
Preloading 0 native plugins for Editor in 0.00 ms.
Unloading 1461 Unused Serialized files (Serialized files now loaded: 0)
System memory in use before: 84.4 MB.
System memory in use after: 84.5 MB.

Unloading 11 unused Assets to reduce memory usage. Loaded Objects now: 1952.
Total: 7.938800 ms (FindLiveObjects: 0.271000 ms CreateObjectMapping: 0.088400 ms MarkObjects: 7.522400 ms  DeleteObjects: 0.054000 ms)

AssetImportParameters requested are different than current active one (requested -> active):
  custom:framework-win-MediaFoundation: 216162199b28c13a410421893ffa2e32 -> 
  custom:video-decoder-ogg-theora: a1e56fd34408186e4bbccfd4996cb3dc -> 
  custom:container-muxer-webm: aa71ff27fc2769a1b78a27578f13a17b -> 
  custom:container-demuxer-webm: 4f35f7cbe854078d1ac9338744f61a02 -> 
  custom:container-demuxer-ogg: 62fdf1f143b41e24485cea50d1cbac27 -> 
  custom:video-encoder-webm-vp8: eb34c28f22e8b96e1ab97ce403110664 -> 
  custom:video-decoder-webm-vp8: 9c59270c3fd7afecdb556c50c9e8de78 -> 
  custom:audio-decoder-ogg-vorbis: bf7c407c2cedff20999df2af8eb42d56 -> 
  custom:audio-encoder-webm-vorbis: bf7c407c2cedff20999df2af8eb42d56 -> 
========================================================================
Received Import Request.
  Time since last request: 181.397068 seconds.
  path: Assets/SoftEffects/EditFolder/Accuratist_SEFont_3/Accuratist_se_rep_edit.png
  artifactKey: Guid(bf1de3e3619e3eb4d813f81d96839023) Importer(815301076,1909f56bfc062723c751e8b465ee728b)
Start importing Assets/SoftEffects/EditFolder/Accuratist_SEFont_3/Accuratist_se_rep_edit.png using Guid(bf1de3e3619e3eb4d813f81d96839023) Importer(815301076,1909f56bfc062723c751e8b465ee728b)  -> (artifact id: '8a5835c1a3051b57ad2081aeff86b53e') in 1.733843 seconds 
  Import took 1.758795 seconds .

========================================================================
Received Import Request.
  Time since last request: 0.000681 seconds.
  path: Assets/SoftEffects/EditFolder/Accuratist_SEFont_2/Accuratist_se_rep_edit_shadow.png
  artifactKey: Guid(141e63c5fc26a3740bcd90a3a1581f30) Importer(815301076,1909f56bfc062723c751e8b465ee728b)
Start importing Assets/SoftEffects/EditFolder/Accuratist_SEFont_2/Accuratist_se_rep_edit_shadow.png using Guid(141e63c5fc26a3740bcd90a3a1581f30) Importer(815301076,1909f56bfc062723c751e8b465ee728b)  -> (artifact id: '68c05683deeb6ab5729775afffa63e26') in 0.196833 seconds 
  Import took 0.266583 seconds .

========================================================================
Received Import Request.
  Time since last request: 0.000644 seconds.
  path: Assets/SoftEffects/EditFolder/Accuratist_SEFont_2/Accuratist_se_rep_edit_work.png
  artifactKey: Guid(b0d033038660a1243997a0c75522fe36) Importer(815301076,1909f56bfc062723c751e8b465ee728b)
Start importing Assets/SoftEffects/EditFolder/Accuratist_SEFont_2/Accuratist_se_rep_edit_work.png using Guid(b0d033038660a1243997a0c75522fe36) Importer(815301076,1909f56bfc062723c751e8b465ee728b)  -> (artifact id: 'd9d2743dd793802fa4ac4468972c45e4') in 0.223841 seconds 
  Import took 0.254709 seconds .

========================================================================
Received Import Request.
  Time since last request: 0.000574 seconds.
  path: Assets/SoftEffects/EditFolder/Accuratist_SEFont_1/Accuratist_se_rep_work.png
  artifactKey: Guid(748e920473a80514193a4893744e9e34) Importer(815301076,1909f56bfc062723c751e8b465ee728b)
Start importing Assets/SoftEffects/EditFolder/Accuratist_SEFont_1/Accuratist_se_rep_work.png using Guid(748e920473a80514193a4893744e9e34) Importer(815301076,1909f56bfc062723c751e8b465ee728b)  -> (artifact id: 'c848c75bba539f99cdecd42a81aeda99') in 0.155719 seconds 
  Import took 0.202372 seconds .

========================================================================
Received Import Request.
  Time since last request: 0.000555 seconds.
  path: Assets/SoftEffects/EditFolder/Accuratist_SEFont_1/Accuratist_se_rep_shadow.png
  artifactKey: Guid(d7f1db40741bf7342ac480280c795b12) Importer(815301076,1909f56bfc062723c751e8b465ee728b)
Start importing Assets/SoftEffects/EditFolder/Accuratist_SEFont_1/Accuratist_se_rep_shadow.png using Guid(d7f1db40741bf7342ac480280c795b12) Importer(815301076,1909f56bfc062723c751e8b465ee728b)  -> (artifact id: '2fb265135556f805ba25b1bc2963e531') in 0.184844 seconds 
  Import took 0.246948 seconds .

========================================================================
Received Import Request.
  Time since last request: 1.118004 seconds.
  path: Assets/SoftEffects/EditFolder/AMERSN_SEFont_3/AMERSN_se_rep_edit_shadow.png
  artifactKey: Guid(6b69b5bd542c0824683d6394dddff8cc) Importer(815301076,1909f56bfc062723c751e8b465ee728b)
Start importing Assets/SoftEffects/EditFolder/AMERSN_SEFont_3/AMERSN_se_rep_edit_shadow.png using Guid(6b69b5bd542c0824683d6394dddff8cc) Importer(815301076,1909f56bfc062723c751e8b465ee728b)  -> (artifact id: 'daf50e8427fede742df1ff3b7ff7f53d') in 0.210013 seconds 
  Import took 0.220997 seconds .

========================================================================
Received Import Request.
  Time since last request: 0.000806 seconds.
  path: Assets/SoftEffects/EditFolder/AMERSN_SEFont_0/AMERSN_se_rep_edit_shadow.png
  artifactKey: Guid(e0e29f36df14051498bba153319c89ca) Importer(815301076,1909f56bfc062723c751e8b465ee728b)
Start importing Assets/SoftEffects/EditFolder/AMERSN_SEFont_0/AMERSN_se_rep_edit_shadow.png using Guid(e0e29f36df14051498bba153319c89ca) Importer(815301076,1909f56bfc062723c751e8b465ee728b)  -> (artifact id: 'd3186e79c7288a0d5446d3e358eec402') in 0.229532 seconds 
  Import took 0.293358 seconds .

========================================================================
Received Import Request.
  Time since last request: 0.000380 seconds.
  path: Assets/SoftEffects/EditFolder/AMERSN_SEFont_3/AMERSN_se_rep_edit_work.png
  artifactKey: Guid(4cb4d348d38de8941af8f538cf115e6c) Importer(815301076,1909f56bfc062723c751e8b465ee728b)
Start importing Assets/SoftEffects/EditFolder/AMERSN_SEFont_3/AMERSN_se_rep_edit_work.png using Guid(4cb4d348d38de8941af8f538cf115e6c) Importer(815301076,1909f56bfc062723c751e8b465ee728b)  -> (artifact id: '93fbe38c98e954ea5880c397cd520650') in 0.259438 seconds 
  Import took 0.277361 seconds .

========================================================================
Received Import Request.
  Time since last request: 0.000487 seconds.
  path: Assets/SoftEffects/EditFolder/ARISTA5.0-LIGHTTRIAL_SEFont_0/ARISTA2.0-LIGHTTRIAL_se_rep_edit_work.png
  artifactKey: Guid(dc1bbd1a08f68e7409df4572b48425a8) Importer(815301076,1909f56bfc062723c751e8b465ee728b)
Start importing Assets/SoftEffects/EditFolder/ARISTA5.0-LIGHTTRIAL_SEFont_0/ARISTA2.0-LIGHTTRIAL_se_rep_edit_work.png using Guid(dc1bbd1a08f68e7409df4572b48425a8) Importer(815301076,1909f56bfc062723c751e8b465ee728b)  -> (artifact id: '1c79b1ceccdaf9f8c7601477df0149b2') in 0.246427 seconds 
  Import took 0.275372 seconds .

========================================================================
Received Import Request.
  Time since last request: 0.000341 seconds.
  path: Assets/SoftEffects/EditFolder/ARISTA3.0-LIGHTTRIAL_SEFont_0/ARISTA2.0-LIGHTTRIAL_se_rep_shadow.png
  artifactKey: Guid(6a97beed736e4d640b8e9e2016c36aea) Importer(815301076,1909f56bfc062723c751e8b465ee728b)
Start importing Assets/SoftEffects/EditFolder/ARISTA3.0-LIGHTTRIAL_SEFont_0/ARISTA2.0-LIGHTTRIAL_se_rep_shadow.png using Guid(6a97beed736e4d640b8e9e2016c36aea) Importer(815301076,1909f56bfc062723c751e8b465ee728b)  -> (artifact id: 'dcf72ed9e7059056d76e85868bf270e0') in 0.312142 seconds 
  Import took 0.337315 seconds .

========================================================================
Received Import Request.
  Time since last request: 0.000327 seconds.
  path: Assets/SoftEffects/EditFolder/Arista_SEFont_0/Arista_se_rep_edit_work.png
  artifactKey: Guid(477855f2e4e587e428455f019977d902) Importer(815301076,1909f56bfc062723c751e8b465ee728b)
Start importing Assets/SoftEffects/EditFolder/Arista_SEFont_0/Arista_se_rep_edit_work.png using Guid(477855f2e4e587e428455f019977d902) Importer(815301076,1909f56bfc062723c751e8b465ee728b)  -> (artifact id: '1e82bf9e14fff28fdef50fcf074f1100') in 0.222836 seconds 
  Import took 0.227190 seconds .

========================================================================
Received Import Request.
  Time since last request: 0.000355 seconds.
  path: Assets/SoftEffects/EditFolder/AMERSN_SEFont_1/AMERSN_se_rep_work.png
  artifactKey: Guid(79ae109eee1850148816ede6b21ce468) Importer(815301076,1909f56bfc062723c751e8b465ee728b)
Start importing Assets/SoftEffects/EditFolder/AMERSN_SEFont_1/AMERSN_se_rep_work.png using Guid(79ae109eee1850148816ede6b21ce468) Importer(815301076,1909f56bfc062723c751e8b465ee728b)  -> (artifact id: 'e92a7e62edfb9deb62e31658503926b5') in 0.234790 seconds 
  Import took 0.283371 seconds .

========================================================================
Received Import Request.
  Time since last request: 0.000334 seconds.
  path: Assets/SoftEffects/EditFolder/ARISTA2.0-LIGHTTRIAL_SEFont_0/ARISTA2.0-LIGHTTRIAL_se_rep_edit_shadow.png
  artifactKey: Guid(c72559522073bab428d06ef288a032bc) Importer(815301076,1909f56bfc062723c751e8b465ee728b)
Start importing Assets/SoftEffects/EditFolder/ARISTA2.0-LIGHTTRIAL_SEFont_0/ARISTA2.0-LIGHTTRIAL_se_rep_edit_shadow.png using Guid(c72559522073bab428d06ef288a032bc) Importer(815301076,1909f56bfc062723c751e8b465ee728b)  -> (artifact id: 'bd2f7909721d9c800adea0f48c190dd9') in 0.148111 seconds 
  Import took 0.154447 seconds .

========================================================================
Received Import Request.
  Time since last request: 0.000593 seconds.
  path: Assets/SoftEffects/EditFolder/AMERSN_SEFont_1/AMERSN_se_rep_shadow.png
  artifactKey: Guid(bce8fea08cf156f4b881a5820ac4633b) Importer(815301076,1909f56bfc062723c751e8b465ee728b)
Start importing Assets/SoftEffects/EditFolder/AMERSN_SEFont_1/AMERSN_se_rep_shadow.png using Guid(bce8fea08cf156f4b881a5820ac4633b) Importer(815301076,1909f56bfc062723c751e8b465ee728b)  -> (artifact id: '63a9e1e5d37dbe6008617e807504224a') in 0.120878 seconds 
  Import took 0.158990 seconds .

========================================================================
Received Import Request.
  Time since last request: 0.000477 seconds.
  path: Assets/SoftEffects/EditFolder/ARISTA2.0-LIGHTTRIAL_SEFont_0/ARISTA2.0-LIGHTTRIAL_se_rep_edit_work.png
  artifactKey: Guid(d72912a0566d17f40826406bef0f3dbe) Importer(815301076,1909f56bfc062723c751e8b465ee728b)
Start importing Assets/SoftEffects/EditFolder/ARISTA2.0-LIGHTTRIAL_SEFont_0/ARISTA2.0-LIGHTTRIAL_se_rep_edit_work.png using Guid(d72912a0566d17f40826406bef0f3dbe) Importer(815301076,1909f56bfc062723c751e8b465ee728b)  -> (artifact id: '1622923c826fa169fd6682a8c6c43a56') in 0.210527 seconds 
  Import took 0.217267 seconds .

========================================================================
Received Import Request.
  Time since last request: 0.000526 seconds.
  path: Assets/SoftEffects/EditFolder/calibrib_SEFont_0/calibrib_se_rep_edit.png
  artifactKey: Guid(261495cf5b1a96c418fb938b1824e23d) Importer(815301076,1909f56bfc062723c751e8b465ee728b)
Start importing Assets/SoftEffects/EditFolder/calibrib_SEFont_0/calibrib_se_rep_edit.png using Guid(261495cf5b1a96c418fb938b1824e23d) Importer(815301076,1909f56bfc062723c751e8b465ee728b)  -> (artifact id: '5ab153849ce3b8e9e3fde621dea90f25') in 0.306273 seconds 
  Import took 0.345198 seconds .

========================================================================
Received Import Request.
  Time since last request: 0.000349 seconds.
  path: Assets/SoftEffects/EditFolder/calibrib_SEFont_1/calibriz_se_rep_edit_shadow.png
  artifactKey: Guid(b39974413c4316e46a7ef2a34ddcc5ed) Importer(815301076,1909f56bfc062723c751e8b465ee728b)
Start importing Assets/SoftEffects/EditFolder/calibrib_SEFont_1/calibriz_se_rep_edit_shadow.png using Guid(b39974413c4316e46a7ef2a34ddcc5ed) Importer(815301076,1909f56bfc062723c751e8b465ee728b)  -> (artifact id: 'b5dc3ebe801e5bca3e8174ffd77aa2e6') in 0.106804 seconds 
  Import took 0.112605 seconds .

========================================================================
Received Import Request.
  Time since last request: 0.000527 seconds.
  path: Assets/SoftEffects/EditFolder/calibrib_SEFont_2/calibrib_se_rep_edit.png
  artifactKey: Guid(2849e26892fce9a449ba579cf1c3c4c5) Importer(815301076,1909f56bfc062723c751e8b465ee728b)
Start importing Assets/SoftEffects/EditFolder/calibrib_SEFont_2/calibrib_se_rep_edit.png using Guid(2849e26892fce9a449ba579cf1c3c4c5) Importer(815301076,1909f56bfc062723c751e8b465ee728b)  -> (artifact id: 'e848a6f9ccedb5da382df35180a42f6a') in 0.271107 seconds 
  Import took 0.305249 seconds .

========================================================================
Received Import Request.
  Time since last request: 0.000537 seconds.
  path: Assets/SoftEffects/EditFolder/AMERSN_SEFont_0/AMERSN_se_rep_edit_work.png
  artifactKey: Guid(9dc14b072be44fa409d05986ea8b8ed3) Importer(815301076,1909f56bfc062723c751e8b465ee728b)
Start importing Assets/SoftEffects/EditFolder/AMERSN_SEFont_0/AMERSN_se_rep_edit_work.png using Guid(9dc14b072be44fa409d05986ea8b8ed3) Importer(815301076,1909f56bfc062723c751e8b465ee728b)  -> (artifact id: 'bb10e7687bd44c6dc3355fb6ea24cd83') in 0.212639 seconds 
  Import took 0.268901 seconds .

========================================================================
Received Import Request.
  Time since last request: 0.000475 seconds.
  path: Assets/SoftEffects/EditFolder/calibrib_SEFont_1/calibriz_se_rep_edit_work.png
  artifactKey: Guid(137c5eb15212f164e9881c0462e87a0f) Importer(815301076,1909f56bfc062723c751e8b465ee728b)
Start importing Assets/SoftEffects/EditFolder/calibrib_SEFont_1/calibriz_se_rep_edit_work.png using Guid(137c5eb15212f164e9881c0462e87a0f) Importer(815301076,1909f56bfc062723c751e8b465ee728b)  -> (artifact id: '7febf92269114aefb43fb2af49ca757a') in 0.124554 seconds 
  Import took 0.166239 seconds .

========================================================================
Received Import Request.
  Time since last request: 0.000581 seconds.
  path: Assets/SoftEffects/EditFolder/calibriz_SEFont_1/calibriz_se_rep_edit_work.png
  artifactKey: Guid(e66303e7a52e6bc46a9196d1e2f7758e) Importer(815301076,1909f56bfc062723c751e8b465ee728b)
Start importing Assets/SoftEffects/EditFolder/calibriz_SEFont_1/calibriz_se_rep_edit_work.png using Guid(e66303e7a52e6bc46a9196d1e2f7758e) Importer(815301076,1909f56bfc062723c751e8b465ee728b)  -> (artifact id: 'e79c5b76a2b29b3b1247d64c2c7ce5c4') in 0.264689 seconds 
  Import took 0.287759 seconds .

========================================================================
Received Import Request.
  Time since last request: 0.000250 seconds.
  path: Assets/SoftEffects/EditFolder/Cartwheel_SEFont_4/Cartwheel_se_rep_edit.png
  artifactKey: Guid(c831e350a316d4c458ef5036bf6a4b7d) Importer(815301076,1909f56bfc062723c751e8b465ee728b)
Start importing Assets/SoftEffects/EditFolder/Cartwheel_SEFont_4/Cartwheel_se_rep_edit.png using Guid(c831e350a316d4c458ef5036bf6a4b7d) Importer(815301076,1909f56bfc062723c751e8b465ee728b)  -> (artifact id: 'df01c5cbf8ee6fea0a5a1467aed6ca1b') in 0.494247 seconds 
  Import took 0.520680 seconds .

========================================================================
Received Import Request.
  Time since last request: 0.000336 seconds.
  path: Assets/SoftEffects/EditFolder/Cartwheel_SEFont_0/Cartwheel_se_rep_edit_work.png
  artifactKey: Guid(55c5a9683feee2441b584d39bd406c99) Importer(815301076,1909f56bfc062723c751e8b465ee728b)
Start importing Assets/SoftEffects/EditFolder/Cartwheel_SEFont_0/Cartwheel_se_rep_edit_work.png using Guid(55c5a9683feee2441b584d39bd406c99) Importer(815301076,1909f56bfc062723c751e8b465ee728b)  -> (artifact id: '535d93d8fdeaa648fb25cac47059f224') in 0.221137 seconds 
  Import took 0.247578 seconds .

========================================================================
Received Import Request.
  Time since last request: 0.000930 seconds.
  path: Assets/SoftEffects/EditFolder/Cartwheel_SEFont_3/Cartwheel_se_rep_edit_work.png
  artifactKey: Guid(81e5b1998a0797d4294fe1e0297abb12) Importer(815301076,1909f56bfc062723c751e8b465ee728b)
Start importing Assets/SoftEffects/EditFolder/Cartwheel_SEFont_3/Cartwheel_se_rep_edit_work.png using Guid(81e5b1998a0797d4294fe1e0297abb12) Importer(815301076,1909f56bfc062723c751e8b465ee728b)  -> (artifact id: '358a990841abe9cf7ef5253891f1723e') in 0.095308 seconds 
  Import took 0.121742 seconds .

========================================================================
Received Import Request.
  Time since last request: 0.000494 seconds.
  path: Assets/SoftEffects/EditFolder/calibriz_SEFont_1/calibriz_se_rep_edit_shadow.png
  artifactKey: Guid(229286a8c49a02e4dbf4f63924b34e9f) Importer(815301076,1909f56bfc062723c751e8b465ee728b)
Start importing Assets/SoftEffects/EditFolder/calibriz_SEFont_1/calibriz_se_rep_edit_shadow.png using Guid(229286a8c49a02e4dbf4f63924b34e9f) Importer(815301076,1909f56bfc062723c751e8b465ee728b)  -> (artifact id: '42ee123249b3ca3be1a8cc00a7525445') in 0.138802 seconds 
  Import took 0.173233 seconds .

========================================================================
Received Import Request.
  Time since last request: 0.000729 seconds.
  path: Assets/SoftEffects/EditFolder/calibriz_SEFont_0/calibriz_se_rep_shadow.png
  artifactKey: Guid(daf177b4bb5791041aaf3de27653b938) Importer(815301076,1909f56bfc062723c751e8b465ee728b)
Start importing Assets/SoftEffects/EditFolder/calibriz_SEFont_0/calibriz_se_rep_shadow.png using Guid(daf177b4bb5791041aaf3de27653b938) Importer(815301076,1909f56bfc062723c751e8b465ee728b)  -> (artifact id: 'afa58b8d01c1e5399df89fd9a51abe4d') in 0.152771 seconds 
  Import took 0.171632 seconds .

========================================================================
Received Import Request.
  Time since last request: 0.000391 seconds.
  path: Assets/SoftEffects/EditFolder/Cartwheel_SEFont_2/Cartwheel_se_rep_edit_shadow.png
  artifactKey: Guid(0154027c9ca1db6469f775e57beecd2a) Importer(815301076,1909f56bfc062723c751e8b465ee728b)
Start importing Assets/SoftEffects/EditFolder/Cartwheel_SEFont_2/Cartwheel_se_rep_edit_shadow.png using Guid(0154027c9ca1db6469f775e57beecd2a) Importer(815301076,1909f56bfc062723c751e8b465ee728b)  -> (artifact id: '35e307374cce8fc7fa40996f1232245d') in 0.419041 seconds 
  Import took 0.425402 seconds .

========================================================================
Received Import Request.
  Time since last request: 0.000566 seconds.
  path: Assets/SoftEffects/EditFolder/Clarendon BT_SEFont_2/Clarendon BT_se_rep_edit_shadow.png
  artifactKey: Guid(0cbe88493dbda87488e91677bf9d8a83) Importer(815301076,1909f56bfc062723c751e8b465ee728b)
Start importing Assets/SoftEffects/EditFolder/Clarendon BT_SEFont_2/Clarendon BT_se_rep_edit_shadow.png using Guid(0cbe88493dbda87488e91677bf9d8a83) Importer(815301076,1909f56bfc062723c751e8b465ee728b)  -> (artifact id: 'b6bd0ea2d1141f81888e0143b3f6109c') in 0.180798 seconds 
  Import took 0.210581 seconds .

========================================================================
Received Import Request.
  Time since last request: 0.000545 seconds.
  path: Assets/SoftEffects/EditFolder/Cranberry Cyr_SEFont_2/Cranberry Cyr_se_rep_edit_shadow.png
  artifactKey: Guid(fe0c7f77b5280af49b13f336f8a70d85) Importer(815301076,1909f56bfc062723c751e8b465ee728b)
Start importing Assets/SoftEffects/EditFolder/Cranberry Cyr_SEFont_2/Cranberry Cyr_se_rep_edit_shadow.png using Guid(fe0c7f77b5280af49b13f336f8a70d85) Importer(815301076,1909f56bfc062723c751e8b465ee728b)  -> (artifact id: 'dbcd84fe8f3f66cbfae18d051bb9ac9a') in 0.319400 seconds 
  Import took 0.329863 seconds .

========================================================================
Received Import Request.
  Time since last request: 0.000714 seconds.
  path: Assets/SoftEffects/EditFolder/Cranberry Cyr_SEFont_1/Cranberry Cyr_se_rep_edit_work.png
  artifactKey: Guid(060ef85ca7267754ab243a5c46d2d9f7) Importer(815301076,1909f56bfc062723c751e8b465ee728b)
Start importing Assets/SoftEffects/EditFolder/Cranberry Cyr_SEFont_1/Cranberry Cyr_se_rep_edit_work.png using Guid(060ef85ca7267754ab243a5c46d2d9f7) Importer(815301076,1909f56bfc062723c751e8b465ee728b)  -> (artifact id: 'ea78649894b873549e0eca2c6a5a583f') in 0.173199 seconds 
  Import took 0.226597 seconds .

========================================================================
Received Import Request.
  Time since last request: 0.000899 seconds.
  path: Assets/SoftEffects/EditFolder/Clarendon BT_SEFont_2/Clarendon BT_se_rep_edit_work.png
  artifactKey: Guid(ec8e2dcacc629b94faacd6d03acaa215) Importer(815301076,1909f56bfc062723c751e8b465ee728b)
Start importing Assets/SoftEffects/EditFolder/Clarendon BT_SEFont_2/Clarendon BT_se_rep_edit_work.png using Guid(ec8e2dcacc629b94faacd6d03acaa215) Importer(815301076,1909f56bfc062723c751e8b465ee728b)  -> (artifact id: '59abe5face47b7679bd9f5c3c7f55ab4') in 0.130096 seconds 
  Import took 0.140144 seconds .

========================================================================
Received Import Request.
  Time since last request: 0.000504 seconds.
  path: Assets/SoftEffects/EditFolder/Clarendon BT_SEFont_0/Clarendon BT_se_rep_edit_work.png
  artifactKey: Guid(ab2921de898c232458926a9550a2c4eb) Importer(815301076,1909f56bfc062723c751e8b465ee728b)
Start importing Assets/SoftEffects/EditFolder/Clarendon BT_SEFont_0/Clarendon BT_se_rep_edit_work.png using Guid(ab2921de898c232458926a9550a2c4eb) Importer(815301076,1909f56bfc062723c751e8b465ee728b)  -> (artifact id: 'daab7e572ecc302f9d3fab19477dff59') in 0.156378 seconds 
  Import took 0.164564 seconds .

========================================================================
Received Import Request.
  Time since last request: 0.000533 seconds.
  path: Assets/SoftEffects/EditFolder/Cranberry Cyr_SEFont_1/Cranberry Cyr_se_rep_edit_shadow.png
  artifactKey: Guid(283e451b50c45f847aa41798c6c30552) Importer(815301076,1909f56bfc062723c751e8b465ee728b)
Start importing Assets/SoftEffects/EditFolder/Cranberry Cyr_SEFont_1/Cranberry Cyr_se_rep_edit_shadow.png using Guid(283e451b50c45f847aa41798c6c30552) Importer(815301076,1909f56bfc062723c751e8b465ee728b)  -> (artifact id: 'f4b8f9bf1191c0b56908d8089f9a1094') in 0.110176 seconds 
  Import took 0.117397 seconds .

========================================================================
Received Import Request.
  Time since last request: 0.000463 seconds.
  path: Assets/SoftEffects/EditFolder/Cranberry Cyr_SEFont_0/Cranberry Cyr_se_rep_edit_shadow.png
  artifactKey: Guid(41a6028cda069034bb88b18b5044ce2f) Importer(815301076,1909f56bfc062723c751e8b465ee728b)
Start importing Assets/SoftEffects/EditFolder/Cranberry Cyr_SEFont_0/Cranberry Cyr_se_rep_edit_shadow.png using Guid(41a6028cda069034bb88b18b5044ce2f) Importer(815301076,1909f56bfc062723c751e8b465ee728b)  -> (artifact id: '7d3baa32cc85955e4aff4b6f9810bab1') in 0.196820 seconds 
  Import took 0.243507 seconds .

========================================================================
Received Import Request.
  Time since last request: 0.000489 seconds.
  path: Assets/SoftEffects/EditFolder/Cranberry Cyr_SEFont_2/Cranberry Cyr_se_rep_edit_work.png
  artifactKey: Guid(7f1662f55abd6cd4aa97425c1b61a05c) Importer(815301076,1909f56bfc062723c751e8b465ee728b)
Start importing Assets/SoftEffects/EditFolder/Cranberry Cyr_SEFont_2/Cranberry Cyr_se_rep_edit_work.png using Guid(7f1662f55abd6cd4aa97425c1b61a05c) Importer(815301076,1909f56bfc062723c751e8b465ee728b)  -> (artifact id: '20bb1a894e3be633db6df73b3412cea2') in 0.109481 seconds 
  Import took 0.137171 seconds .

========================================================================
Received Import Request.
  Time since last request: 0.000557 seconds.
  path: Assets/SoftEffects/EditFolder/Cartwheel_SEFont_2/Cartwheel_se_rep_edit_work.png
  artifactKey: Guid(8b856ee9046254145a1ededdcb3248ee) Importer(815301076,1909f56bfc062723c751e8b465ee728b)
Start importing Assets/SoftEffects/EditFolder/Cartwheel_SEFont_2/Cartwheel_se_rep_edit_work.png using Guid(8b856ee9046254145a1ededdcb3248ee) Importer(815301076,1909f56bfc062723c751e8b465ee728b)  -> (artifact id: 'f0794e639ae238e4de32c340eec07109') in 0.454699 seconds 
  Import took 0.500366 seconds .

========================================================================
Received Import Request.
  Time since last request: 0.000557 seconds.
  path: Assets/SoftEffects/EditFolder/calibriz_SEFont_0/calibriz_se_rep_work.png
  artifactKey: Guid(6a6b4fd21da3c154f9c5a73eef13d5b7) Importer(815301076,1909f56bfc062723c751e8b465ee728b)
Start importing Assets/SoftEffects/EditFolder/calibriz_SEFont_0/calibriz_se_rep_work.png using Guid(6a6b4fd21da3c154f9c5a73eef13d5b7) Importer(815301076,1909f56bfc062723c751e8b465ee728b)  -> (artifact id: '4db2f6c089b67af5a9d73535db96fcb0') in 0.167978 seconds 
  Import took 0.235898 seconds .

========================================================================
Received Import Request.
  Time since last request: 0.000415 seconds.
  path: Assets/SoftEffects/EditFolder/ARISTA3.0-LIGHTTRIAL_SEFont_0/ARISTA2.0-LIGHTTRIAL_se_rep_work.png
  artifactKey: Guid(da3b60c772400704a9416f35feeeb07a) Importer(815301076,1909f56bfc062723c751e8b465ee728b)
Start importing Assets/SoftEffects/EditFolder/ARISTA3.0-LIGHTTRIAL_SEFont_0/ARISTA2.0-LIGHTTRIAL_se_rep_work.png using Guid(da3b60c772400704a9416f35feeeb07a) Importer(815301076,1909f56bfc062723c751e8b465ee728b)  -> (artifact id: '5f547ee889a4863eacfdbffef9bb1663') in 0.142211 seconds 
  Import took 0.198188 seconds .

========================================================================
Received Import Request.
  Time since last request: 0.000855 seconds.
  path: Assets/SoftEffects/EditFolder/Clarendon BT_SEFont_1/Clarendon BT_se_rep_edit_work.png
  artifactKey: Guid(3c6d309dfb1d8ec4da2dc5bffd4e6c2c) Importer(815301076,1909f56bfc062723c751e8b465ee728b)
Start importing Assets/SoftEffects/EditFolder/Clarendon BT_SEFont_1/Clarendon BT_se_rep_edit_work.png using Guid(3c6d309dfb1d8ec4da2dc5bffd4e6c2c) Importer(815301076,1909f56bfc062723c751e8b465ee728b)  -> (artifact id: '1746741c601ff64dfff93e434fffd6e0') in 0.134139 seconds 
  Import took 0.143553 seconds .

========================================================================
Received Import Request.
  Time since last request: 0.000526 seconds.
  path: Assets/SoftEffects/EditFolder/ARISTA5.0-LIGHTTRIAL_SEFont_0/ARISTA2.0-LIGHTTRIAL_se_rep_edit_shadow.png
  artifactKey: Guid(5a4e0cd2519b08d4bb4f70a458834954) Importer(815301076,1909f56bfc062723c751e8b465ee728b)
Start importing Assets/SoftEffects/EditFolder/ARISTA5.0-LIGHTTRIAL_SEFont_0/ARISTA2.0-LIGHTTRIAL_se_rep_edit_shadow.png using Guid(5a4e0cd2519b08d4bb4f70a458834954) Importer(815301076,1909f56bfc062723c751e8b465ee728b)  -> (artifact id: '7743c3523afc659076b5c0b351de87e2') in 0.135908 seconds 
  Import took 0.186132 seconds .

========================================================================
Received Import Request.
  Time since last request: 0.000571 seconds.
  path: Assets/SoftEffects/EditFolder/Cartwheel_SEFont_1/Cartwheel_se_rep_work.png
  artifactKey: Guid(b1ff1c5968133d24b8d06e0e93df9c71) Importer(815301076,1909f56bfc062723c751e8b465ee728b)
Start importing Assets/SoftEffects/EditFolder/Cartwheel_SEFont_1/Cartwheel_se_rep_work.png using Guid(b1ff1c5968133d24b8d06e0e93df9c71) Importer(815301076,1909f56bfc062723c751e8b465ee728b)  -> (artifact id: 'dbb26814dc17aa78da528c7a2a30a342') in 0.136157 seconds 
  Import took 0.146045 seconds .

========================================================================
Received Prepare
Registering precompiled user dll's ...
Registered in 0.200814 seconds.
Begin MonoManager ReloadAssembly
Native extension for WindowsStandalone target not found
Refreshing native plugins compatible for Editor in 0.57 ms, found 2 plugins.
Preloading 0 native plugins for Editor in 0.00 ms.
Mono: successfully reloaded assembly
- Completed reload, in  2.218 seconds
Domain Reload Profiling:
	ReloadAssembly (2220ms)
		BeginReloadAssembly (416ms)
			ExecutionOrderSort (0ms)
			DisableScriptedObjects (23ms)
			BackupInstance (0ms)
			ReleaseScriptingObjects (0ms)
			CreateAndSetChildDomain (204ms)
		EndReloadAssembly (1655ms)
			LoadAssemblies (775ms)
			RebuildTransferFunctionScriptingTraits (0ms)
			SetupTypeCache (399ms)
			ReleaseScriptCaches (1ms)
			RebuildScriptCaches (54ms)
			SetupLoadedEditorAssemblies (381ms)
				LogAssemblyErrors (0ms)
				InitializePlatformSupportModulesInManaged (6ms)
				SetLoadedEditorAssemblies (1ms)
				RefreshPlugins (1ms)
				BeforeProcessingInitializeOnLoad (100ms)
				ProcessInitializeOnLoadAttributes (267ms)
				ProcessInitializeOnLoadMethodAttributes (4ms)
				AfterProcessingInitializeOnLoad (3ms)
				EditorAssembliesLoaded (0ms)
			ExecutionOrderSort2 (0ms)
			AwakeInstancesAfterBackupRestoration (7ms)
Platform modules already initialized, skipping
Refreshing native plugins compatible for Editor in 0.53 ms, found 2 plugins.
Preloading 0 native plugins for Editor in 0.00 ms.
Unloading 1461 Unused Serialized files (Serialized files now loaded: 0)
System memory in use before: 87.6 MB.
System memory in use after: 87.7 MB.

Unloading 11 unused Assets to reduce memory usage. Loaded Objects now: 1978.
Total: 4.200700 ms (FindLiveObjects: 0.191800 ms CreateObjectMapping: 0.080900 ms MarkObjects: 3.232000 ms  DeleteObjects: 0.694400 ms)

AssetImportParameters requested are different than current active one (requested -> active):
  custom:framework-win-MediaFoundation: 216162199b28c13a410421893ffa2e32 -> 
  custom:video-decoder-ogg-theora: a1e56fd34408186e4bbccfd4996cb3dc -> 
  custom:container-muxer-webm: aa71ff27fc2769a1b78a27578f13a17b -> 
  custom:container-demuxer-webm: 4f35f7cbe854078d1ac9338744f61a02 -> 
  custom:container-demuxer-ogg: 62fdf1f143b41e24485cea50d1cbac27 -> 
  custom:video-encoder-webm-vp8: eb34c28f22e8b96e1ab97ce403110664 -> 
  custom:video-decoder-webm-vp8: 9c59270c3fd7afecdb556c50c9e8de78 -> 
  custom:audio-decoder-ogg-vorbis: bf7c407c2cedff20999df2af8eb42d56 -> 
  custom:audio-encoder-webm-vorbis: bf7c407c2cedff20999df2af8eb42d56 -> 
========================================================================
Received Prepare
Registering precompiled user dll's ...
Registered in 0.179897 seconds.
Begin MonoManager ReloadAssembly
Native extension for WindowsStandalone target not found
Refreshing native plugins compatible for Editor in 0.43 ms, found 2 plugins.
Preloading 0 native plugins for Editor in 0.00 ms.
Mono: successfully reloaded assembly
- Completed reload, in  2.018 seconds
Domain Reload Profiling:
	ReloadAssembly (2019ms)
		BeginReloadAssembly (226ms)
			ExecutionOrderSort (0ms)
			DisableScriptedObjects (6ms)
			BackupInstance (0ms)
			ReleaseScriptingObjects (0ms)
			CreateAndSetChildDomain (71ms)
		EndReloadAssembly (1672ms)
			LoadAssemblies (960ms)
			RebuildTransferFunctionScriptingTraits (0ms)
			SetupTypeCache (281ms)
			ReleaseScriptCaches (1ms)
			RebuildScriptCaches (41ms)
			SetupLoadedEditorAssemblies (356ms)
				LogAssemblyErrors (0ms)
				InitializePlatformSupportModulesInManaged (5ms)
				SetLoadedEditorAssemblies (0ms)
				RefreshPlugins (0ms)
				BeforeProcessingInitializeOnLoad (80ms)
				ProcessInitializeOnLoadAttributes (261ms)
				ProcessInitializeOnLoadMethodAttributes (5ms)
				AfterProcessingInitializeOnLoad (3ms)
				EditorAssembliesLoaded (0ms)
			ExecutionOrderSort2 (0ms)
			AwakeInstancesAfterBackupRestoration (8ms)
Platform modules already initialized, skipping
Refreshing native plugins compatible for Editor in 0.88 ms, found 2 plugins.
Preloading 0 native plugins for Editor in 0.00 ms.
Unloading 1461 Unused Serialized files (Serialized files now loaded: 0)
System memory in use before: 87.6 MB.
System memory in use after: 87.7 MB.

Unloading 11 unused Assets to reduce memory usage. Loaded Objects now: 1980.
Total: 2.677100 ms (FindLiveObjects: 0.149000 ms CreateObjectMapping: 0.047300 ms MarkObjects: 2.460200 ms  DeleteObjects: 0.019100 ms)

AssetImportParameters requested are different than current active one (requested -> active):
  custom:framework-win-MediaFoundation: 216162199b28c13a410421893ffa2e32 -> 
  custom:video-decoder-ogg-theora: a1e56fd34408186e4bbccfd4996cb3dc -> 
  custom:container-muxer-webm: aa71ff27fc2769a1b78a27578f13a17b -> 
  custom:container-demuxer-webm: 4f35f7cbe854078d1ac9338744f61a02 -> 
  custom:container-demuxer-ogg: 62fdf1f143b41e24485cea50d1cbac27 -> 
  custom:video-encoder-webm-vp8: eb34c28f22e8b96e1ab97ce403110664 -> 
  custom:video-decoder-webm-vp8: 9c59270c3fd7afecdb556c50c9e8de78 -> 
  custom:audio-decoder-ogg-vorbis: bf7c407c2cedff20999df2af8eb42d56 -> 
  custom:audio-encoder-webm-vorbis: bf7c407c2cedff20999df2af8eb42d56 -> 
========================================================================
Received Prepare
Registering precompiled user dll's ...
Registered in 0.440363 seconds.
Begin MonoManager ReloadAssembly
Native extension for WindowsStandalone target not found
Refreshing native plugins compatible for Editor in 25.16 ms, found 2 plugins.
Preloading 0 native plugins for Editor in 0.00 ms.
Mono: successfully reloaded assembly
- Completed reload, in  7.082 seconds
Domain Reload Profiling:
	ReloadAssembly (7249ms)
		BeginReloadAssembly (2766ms)
			ExecutionOrderSort (0ms)
			DisableScriptedObjects (327ms)
			BackupInstance (0ms)
			ReleaseScriptingObjects (4ms)
			CreateAndSetChildDomain (1312ms)
		EndReloadAssembly (3967ms)
			LoadAssemblies (1429ms)
			RebuildTransferFunctionScriptingTraits (12ms)
			SetupTypeCache (1297ms)
			ReleaseScriptCaches (16ms)
			RebuildScriptCaches (69ms)
			SetupLoadedEditorAssemblies (1088ms)
				LogAssemblyErrors (0ms)
				InitializePlatformSupportModulesInManaged (103ms)
				SetLoadedEditorAssemblies (6ms)
				RefreshPlugins (26ms)
				BeforeProcessingInitializeOnLoad (267ms)
				ProcessInitializeOnLoadAttributes (654ms)
				ProcessInitializeOnLoadMethodAttributes (17ms)
				AfterProcessingInitializeOnLoad (4ms)
				EditorAssembliesLoaded (13ms)
			ExecutionOrderSort2 (0ms)
			AwakeInstancesAfterBackupRestoration (39ms)
Platform modules already initialized, skipping
Refreshing native plugins compatible for Editor in 1.59 ms, found 2 plugins.
Preloading 0 native plugins for Editor in 0.00 ms.
Unloading 1461 Unused Serialized files (Serialized files now loaded: 0)
System memory in use before: 87.6 MB.
System memory in use after: 87.7 MB.

Unloading 11 unused Assets to reduce memory usage. Loaded Objects now: 1982.
Total: 144.696800 ms (FindLiveObjects: 2.849700 ms CreateObjectMapping: 0.225000 ms MarkObjects: 132.171100 ms  DeleteObjects: 0.215800 ms)

AssetImportParameters requested are different than current active one (requested -> active):
  custom:framework-win-MediaFoundation: 216162199b28c13a410421893ffa2e32 -> 
  custom:video-decoder-ogg-theora: a1e56fd34408186e4bbccfd4996cb3dc -> 
  custom:container-muxer-webm: aa71ff27fc2769a1b78a27578f13a17b -> 
  custom:container-demuxer-webm: 4f35f7cbe854078d1ac9338744f61a02 -> 
  custom:container-demuxer-ogg: 62fdf1f143b41e24485cea50d1cbac27 -> 
  custom:video-encoder-webm-vp8: eb34c28f22e8b96e1ab97ce403110664 -> 
  custom:video-decoder-webm-vp8: 9c59270c3fd7afecdb556c50c9e8de78 -> 
  custom:audio-decoder-ogg-vorbis: bf7c407c2cedff20999df2af8eb42d56 -> 
  custom:audio-encoder-webm-vorbis: bf7c407c2cedff20999df2af8eb42d56 -> 
========================================================================
Received Prepare
Registering precompiled user dll's ...
Registered in 0.249071 seconds.
Begin MonoManager ReloadAssembly
Native extension for WindowsStandalone target not found
Refreshing native plugins compatible for Editor in 1.04 ms, found 2 plugins.
Preloading 0 native plugins for Editor in 0.00 ms.
Mono: successfully reloaded assembly
- Completed reload, in  3.727 seconds
Domain Reload Profiling:
	ReloadAssembly (3754ms)
		BeginReloadAssembly (765ms)
			ExecutionOrderSort (0ms)
			DisableScriptedObjects (95ms)
			BackupInstance (0ms)
			ReleaseScriptingObjects (0ms)
			CreateAndSetChildDomain (329ms)
		EndReloadAssembly (2793ms)
			LoadAssemblies (923ms)
			RebuildTransferFunctionScriptingTraits (0ms)
			SetupTypeCache (718ms)
			ReleaseScriptCaches (3ms)
			RebuildScriptCaches (98ms)
			SetupLoadedEditorAssemblies (821ms)
				LogAssemblyErrors (0ms)
				InitializePlatformSupportModulesInManaged (20ms)
				SetLoadedEditorAssemblies (2ms)
				RefreshPlugins (1ms)
				BeforeProcessingInitializeOnLoad (193ms)
				ProcessInitializeOnLoadAttributes (589ms)
				ProcessInitializeOnLoadMethodAttributes (9ms)
				AfterProcessingInitializeOnLoad (7ms)
				EditorAssembliesLoaded (1ms)
			ExecutionOrderSort2 (0ms)
			AwakeInstancesAfterBackupRestoration (20ms)
Platform modules already initialized, skipping
Refreshing native plugins compatible for Editor in 1.43 ms, found 2 plugins.
Preloading 0 native plugins for Editor in 0.00 ms.
Unloading 1461 Unused Serialized files (Serialized files now loaded: 0)
System memory in use before: 87.6 MB.
System memory in use after: 87.7 MB.

Unloading 11 unused Assets to reduce memory usage. Loaded Objects now: 1984.
Total: 8.643200 ms (FindLiveObjects: 0.715100 ms CreateObjectMapping: 0.229800 ms MarkObjects: 7.615000 ms  DeleteObjects: 0.069600 ms)

AssetImportParameters requested are different than current active one (requested -> active):
  custom:framework-win-MediaFoundation: 216162199b28c13a410421893ffa2e32 -> 
  custom:video-decoder-ogg-theora: a1e56fd34408186e4bbccfd4996cb3dc -> 
  custom:container-muxer-webm: aa71ff27fc2769a1b78a27578f13a17b -> 
  custom:container-demuxer-webm: 4f35f7cbe854078d1ac9338744f61a02 -> 
  custom:container-demuxer-ogg: 62fdf1f143b41e24485cea50d1cbac27 -> 
  custom:video-encoder-webm-vp8: eb34c28f22e8b96e1ab97ce403110664 -> 
  custom:video-decoder-webm-vp8: 9c59270c3fd7afecdb556c50c9e8de78 -> 
  custom:audio-decoder-ogg-vorbis: bf7c407c2cedff20999df2af8eb42d56 -> 
  custom:audio-encoder-webm-vorbis: bf7c407c2cedff20999df2af8eb42d56 -> 
AssetImportWorkerClient::OnTransportError - code=2 error=End of file
