Using pre-set license
Built from '2020.3/staging' branch; Version is '2020.3.20f1 (41c4e627c95f) revision 4310246'; Using compiler version '192528614'; Build Type 'Release'
OS: 'Windows 10 Pro; OS build 19042.1466; Version 2009; 64bit' Language: 'en' Physical Memory: 3978 MB
BatchMode: 1, IsHumanControllingUs: 0, StartBugReporterOnCrash: 0, Is64bit: 1, IsPro: 0

COMMAND LINE ARGUMENTS:
D:\Program Files\Unity Hub\Hub\Editor\2020.3.20f1\Editor\Unity.exe
-adb2
-batchMode
-noUpm
-name
AssetImportWorker11
-projectPath
E:/nam4/HK1/DoHoaMayTinh/Unity/doan_dhmt
-logFile
Logs/AssetImportWorker11.log
-srvPort
64893
Successfully changed project path to: E:/nam4/HK1/DoHoaMayTinh/Unity/doan_dhmt
E:/nam4/HK1/DoHoaMayTinh/Unity/doan_dhmt
Using Asset Import Pipeline V2.
